<?xml version="1.0" encoding="UTF-8"?>
<!-- Generated by org.testng.reporters.JUnitReportReporter -->
<testsuite hostname="DESKTOP-B39B0CL" failures="0" tests="2" name="Fb_Login" time="5.680" errors="0" timestamp="2023-09-05T18:30:59 IST" skipped="0">
  <testcase classname="Fb_Login" name="TC_FB" time="0.277"/>
  <system-out/>
  <testcase classname="Fb_Login" name="VerifiedTitle" time="5.403"/>
  <system-out/>
</testsuite> <!-- Fb_Login -->
